#
#	local stars
#


#
#	Units
#
#	Star		Dist-LY		Speed km/sec	Mag	AMag
#	Ross 248	10.37(647.7)	-85(17.8)	14.78	12.29
#	61 Cygni	11.09(696)	-106(22.2)	7.56	5.22
#	Barnard's	5.97(372.3)	-140(29.5)	13.22	9.54
#
#	Conversion: 62.36 dist-units/LY,  4.75 vel-units/(km/sec)
#	

seconds
meters
meters
kilograms

18
86400
86400400
0

struve_2398
68 -365 631
-5.69 4.76 3.35
red .26

ross_248
464 -42 450
-8.75 1.13 -15.45
red .17

61_cygni
394 -377 433
-2.78 22.03 0.02
orange .69

lalande_21185
-404 107 307
7.32 -.47 -20.11
red .39

procyon_5
-295 658 68
2.38 .75 -3.65
blue 1.39

barnard's_star
-7 -371 30
-.87 24.2 16.78
red .21

epsilon_eridani
408 534 -114
4.6 .69 -.5
orange .74

wolf_359
-462 136 62
-.82 9.86 -5.94
red .1

sirius
-98 514 -157
1.89 -2.21 -2.59
blue 2.96

luyten_726-8
487 219 -175
2.08 10.8 -.41
red .19

ross_128
-683 44 13
2.51 -2.32 -4.09
red .21

sun
0 0 0
0 0 0
yellow 1

tau_ceti
646 307 -208
.52 -6.62 3.92
yellow .85

alpha_centuri
-106 -86 -243
-1.95 4.68 4.51
yellow 1.03

luyten_789-6
608 -235 -182
-6.75 10.81 10.56
red .13

luyten_725-32
718 227 -233
4.7 6.16 .51
red .21

ross_154
111 -536 -241
1.79 1.36 -.11
red .24

epsilon_indi
334 -194 -594
-3.54 17.71 2.28
orange .69

